[2026-07-15 19:19:55] Received request. Route: conversation. Message: Hello shaz, who are oyu
[2026-07-15 19:20:17] SHAZ generated a conversation response.
[2026-07-15 19:20:17] Received request. Route: conversation. Message: hello shaz, who are you
[2026-07-15 19:20:24] SHAZ generated a conversation response.
[2026-07-15 19:20:43] Received request. Route: calculator. Message: what is 20 + 20 8 2
[2026-07-15 19:20:57] Received request. Route: calculator. Message: what is 20 + 20* 2
[2026-07-15 19:20:57] Skill result: The answer is 60.
[2026-07-15 19:21:16] Received request. Route: calculator. Message: what is 20 + 20 * 2
[2026-07-15 19:21:16] Skill result: The answer is 60.
[2026-07-15 19:21:35] Received request. Route: calculator. Message: 20 + 30 * 2
[2026-07-15 19:21:35] Skill result: The answer is 80.
[2026-07-15 19:22:18] Received request. Route: conversation. Message: What is eternelle
[2026-07-15 19:22:26] SHAZ generated a conversation response.
[2026-07-15 19:25:42] Received request. Route: calculator. Message: what is 20% of 450?
[2026-07-15 19:25:50] Received request. Route: calculator. Message: What is 15% of 800?
[2026-07-15 19:25:55] Received request. Route: calculator. Message: What is 100 / 4?
[2026-07-15 19:25:55] Skill result: The answer is 25.0.
[2026-07-15 19:26:01] Received request. Route: calculator. Message: What is 2^10?
[2026-07-15 19:26:01] Skill result: The answer is 210.
[2026-07-15 19:30:41] Received request. Route: calculator. Message: What is 20% of 450?
[2026-07-15 19:30:41] Skill result: The answer is 90.0.
[2026-07-15 19:30:45] Received request. Route: calculator. Message: What is 15% of 800?
[2026-07-15 19:30:45] Skill result: The answer is 120.0.
[2026-07-15 19:30:48] Received request. Route: calculator. Message: What is 2^10?
[2026-07-15 19:30:48] Skill result: The answer is 1024.
[2026-07-15 19:40:26] Received request. Route: conversation. Message: what do you know about me
[2026-07-15 19:40:45] SHAZ generated a conversation response.
[2026-07-15 19:41:40] Received request. Route: conversation. Message: what am i building
[2026-07-15 19:41:50] SHAZ generated a conversation response.
[2026-07-15 19:41:56] Received request. Route: conversation. Message: what is shaz
[2026-07-15 19:42:02] SHAZ generated a conversation response.
[2026-07-16 15:01:35] Received request. Route: conversation. Message: Remember that my main AI project is SHAZ.
[2026-07-16 15:01:35] New memory saved: my main AI project is SHAZ.
[2026-07-16 15:01:57] Received request. Route: conversation. Message: what is my main project
[2026-07-16 15:02:13] SHAZ generated a conversation response.
[2026-07-16 15:02:26] Received request. Route: conversation. Message: Remember that my main AI project is SHAZ.
